{"contracts/Raffle.sol":{"l":{"60":3,"61":3,"62":3,"63":3,"64":3,"65":3,"66":3,"67":3,"71":5,"72":1,"74":4,"75":1,"77":3,"78":3,"91":1,"92":1,"93":1,"94":1,"95":1,"100":1,"101":1,"102":0,"108":1,"109":1,"116":1,"123":0,"124":0,"125":0,"126":0,"127":0,"128":0,"129":0,"130":0,"131":0,"133":0,"137":5,"141":1,"145":0,"149":1,"153":0,"157":0,"161":5},"path":"/Users/liguanwenhua/hardhat-eth/hardhat-smartcontract-lottery/contracts/Raffle.sol","s":{"1":3,"2":3,"3":3,"4":3,"5":3,"6":3,"7":3,"8":3,"9":5,"10":4,"11":3,"12":3,"13":1,"14":1,"15":1,"16":1,"17":1,"18":1,"19":1,"20":1,"21":1,"22":1,"23":0,"24":0,"25":0,"26":0,"27":0,"28":0,"29":0,"30":0,"31":0,"32":5,"33":1,"34":0,"35":1,"36":0,"37":0,"38":5},"b":{"1":[1,4],"2":[1,3],"3":[0,1],"4":[0,0]},"f":{"1":3,"2":5,"3":1,"4":1,"5":0,"6":5,"7":1,"8":0,"9":1,"10":0,"11":0,"12":5},"fnMap":{"1":{"name":"constructor","line":59,"loc":{"start":{"line":52,"column":4},"end":{"line":68,"column":4}}},"2":{"name":"enterRaffle","line":70,"loc":{"start":{"line":70,"column":4},"end":{"line":79,"column":4}}},"3":{"name":"checkUpkeep","line":90,"loc":{"start":{"line":90,"column":4},"end":{"line":97,"column":4}}},"4":{"name":"performUpkeep","line":99,"loc":{"start":{"line":99,"column":4},"end":{"line":117,"column":4}}},"5":{"name":"fulfillRandomWords","line":119,"loc":{"start":{"line":119,"column":4},"end":{"line":134,"column":4}}},"6":{"name":"getEntranceFee","line":136,"loc":{"start":{"line":136,"column":4},"end":{"line":138,"column":4}}},"7":{"name":"getPlayer","line":140,"loc":{"start":{"line":140,"column":4},"end":{"line":142,"column":4}}},"8":{"name":"getRecentWinner","line":144,"loc":{"start":{"line":144,"column":4},"end":{"line":146,"column":4}}},"9":{"name":"getRaffleState","line":148,"loc":{"start":{"line":148,"column":4},"end":{"line":150,"column":4}}},"10":{"name":"getNumWords","line":152,"loc":{"start":{"line":152,"column":4},"end":{"line":154,"column":4}}},"11":{"name":"getLatestTimeStamp","line":156,"loc":{"start":{"line":156,"column":4},"end":{"line":158,"column":4}}},"12":{"name":"getInterval","line":160,"loc":{"start":{"line":160,"column":4},"end":{"line":162,"column":4}}}},"statementMap":{"1":{"start":{"line":60,"column":8},"end":{"line":60,"column":34}},"2":{"start":{"line":61,"column":8},"end":{"line":61,"column":69}},"3":{"start":{"line":62,"column":8},"end":{"line":62,"column":26}},"4":{"start":{"line":63,"column":8},"end":{"line":63,"column":40}},"5":{"start":{"line":64,"column":8},"end":{"line":64,"column":44}},"6":{"start":{"line":65,"column":8},"end":{"line":65,"column":39}},"7":{"start":{"line":66,"column":8},"end":{"line":66,"column":40}},"8":{"start":{"line":67,"column":8},"end":{"line":67,"column":28}},"9":{"start":{"line":71,"column":8},"end":{"line":71,"column":2295}},"10":{"start":{"line":74,"column":8},"end":{"line":74,"column":2396}},"11":{"start":{"line":77,"column":8},"end":{"line":77,"column":42}},"12":{"start":{"line":78,"column":8},"end":{"line":78,"column":36}},"13":{"start":{"line":91,"column":8},"end":{"line":91,"column":57}},"14":{"start":{"line":92,"column":8},"end":{"line":92,"column":74}},"15":{"start":{"line":93,"column":8},"end":{"line":93,"column":48}},"16":{"start":{"line":94,"column":8},"end":{"line":94,"column":51}},"17":{"start":{"line":95,"column":8},"end":{"line":95,"column":72}},"18":{"start":{"line":100,"column":8},"end":{"line":100,"column":47}},"19":{"start":{"line":101,"column":8},"end":{"line":101,"column":3567}},"20":{"start":{"line":108,"column":8},"end":{"line":108,"column":46}},"21":{"start":{"line":109,"column":8},"end":{"line":109,"column":3827}},"22":{"start":{"line":116,"column":8},"end":{"line":116,"column":45}},"23":{"start":{"line":123,"column":8},"end":{"line":123,"column":65}},"24":{"start":{"line":124,"column":8},"end":{"line":124,"column":63}},"25":{"start":{"line":125,"column":8},"end":{"line":125,"column":36}},"26":{"start":{"line":126,"column":8},"end":{"line":126,"column":39}},"27":{"start":{"line":127,"column":8},"end":{"line":127,"column":43}},"28":{"start":{"line":128,"column":8},"end":{"line":128,"column":40}},"29":{"start":{"line":129,"column":8},"end":{"line":129,"column":78}},"30":{"start":{"line":130,"column":8},"end":{"line":130,"column":4607}},"31":{"start":{"line":133,"column":8},"end":{"line":133,"column":39}},"32":{"start":{"line":137,"column":8},"end":{"line":137,"column":28}},"33":{"start":{"line":141,"column":8},"end":{"line":141,"column":31}},"34":{"start":{"line":145,"column":8},"end":{"line":145,"column":29}},"35":{"start":{"line":149,"column":8},"end":{"line":149,"column":28}},"36":{"start":{"line":153,"column":8},"end":{"line":153,"column":24}},"37":{"start":{"line":157,"column":8},"end":{"line":157,"column":30}},"38":{"start":{"line":161,"column":8},"end":{"line":161,"column":25}}},"branchMap":{"1":{"line":71,"type":"if","locations":[{"start":{"line":71,"column":8},"end":{"line":71,"column":8}},{"start":{"line":71,"column":8},"end":{"line":71,"column":8}}]},"2":{"line":74,"type":"if","locations":[{"start":{"line":74,"column":8},"end":{"line":74,"column":8}},{"start":{"line":74,"column":8},"end":{"line":74,"column":8}}]},"3":{"line":101,"type":"if","locations":[{"start":{"line":101,"column":8},"end":{"line":101,"column":8}},{"start":{"line":101,"column":8},"end":{"line":101,"column":8}}]},"4":{"line":130,"type":"if","locations":[{"start":{"line":130,"column":8},"end":{"line":130,"column":8}},{"start":{"line":130,"column":8},"end":{"line":130,"column":8}}]}}},"contracts/test/VRFCoordinatorV2Mock.sol":{"l":{},"path":"/Users/liguanwenhua/hardhat-eth/hardhat-smartcontract-lottery/contracts/test/VRFCoordinatorV2Mock.sol","s":{},"b":{},"f":{},"fnMap":{},"statementMap":{},"branchMap":{}}}