TN:
SF:/Users/liguanwenhua/hardhat-eth/hardhat-smartcontract-lottery/contracts/Raffle.sol
FN:59,constructor
FN:70,enterRaffle
FN:90,checkUpkeep
FN:99,performUpkeep
FN:119,fulfillRandomWords
FN:136,getEntranceFee
FN:140,getPlayer
FN:144,getRecentWinner
FN:148,getRaffleState
FN:152,getNumWords
FN:156,getLatestTimeStamp
FN:160,getInterval
FNF:12
FNH:8
FNDA:3,constructor
FNDA:5,enterRaffle
FNDA:1,checkUpkeep
FNDA:1,performUpkeep
FNDA:0,fulfillRandomWords
FNDA:5,getEntranceFee
FNDA:1,getPlayer
FNDA:0,getRecentWinner
FNDA:1,getRaffleState
FNDA:0,getNumWords
FNDA:0,getLatestTimeStamp
FNDA:5,getInterval
DA:60,3
DA:61,3
DA:62,3
DA:63,3
DA:64,3
DA:65,3
DA:66,3
DA:67,3
DA:71,5
DA:72,1
DA:74,4
DA:75,1
DA:77,3
DA:78,3
DA:91,1
DA:92,1
DA:93,1
DA:94,1
DA:95,1
DA:100,1
DA:101,1
DA:102,0
DA:108,1
DA:109,1
DA:116,1
DA:123,0
DA:124,0
DA:125,0
DA:126,0
DA:127,0
DA:128,0
DA:129,0
DA:130,0
DA:131,0
DA:133,0
DA:137,5
DA:141,1
DA:145,0
DA:149,1
DA:153,0
DA:157,0
DA:161,5
LF:42
LH:28
BRDA:71,1,0,1
BRDA:71,1,1,4
BRDA:74,2,0,1
BRDA:74,2,1,3
BRDA:101,3,0,0
BRDA:101,3,1,1
BRDA:130,4,0,0
BRDA:130,4,1,0
BRF:8
BRH:5
end_of_record
TN:
SF:/Users/liguanwenhua/hardhat-eth/hardhat-smartcontract-lottery/contracts/test/VRFCoordinatorV2Mock.sol
FNF:0
FNH:0
LF:0
LH:0
BRF:0
BRH:0
end_of_record
